0 info it worked if it ends with ok
1 verbose cli [ '/Users/devkwang/.nvm/versions/node/v5.1.0/bin/node',
1 verbose cli   '/Users/devkwang/.nvm/versions/node/v5.1.0/bin/npm',
1 verbose cli   'run',
1 verbose cli   'webpack' ]
2 info using npm@3.3.12
3 info using node@v5.1.0
4 verbose run-script [ 'prewebpack', 'webpack', 'postwebpack' ]
5 info lifecycle react-question-project@1.0.0~prewebpack: react-question-project@1.0.0
6 silly lifecycle react-question-project@1.0.0~prewebpack: no script for prewebpack, continuing
7 info lifecycle react-question-project@1.0.0~webpack: react-question-project@1.0.0
8 verbose lifecycle react-question-project@1.0.0~webpack: unsafe-perm in lifecycle true
9 verbose lifecycle react-question-project@1.0.0~webpack: PATH: /Users/devkwang/.nvm/versions/node/v5.1.0/lib/node_modules/npm/bin/node-gyp-bin:/Users/devkwang/dev/react-question/node_modules/.bin:/Users/devkwang/.gem/bin:/Users/devkwang/.nvm/versions/node/v5.1.0/bin:/usr/local/bin:/usr/bin:/bin:/usr/sbin:/sbin
10 verbose lifecycle react-question-project@1.0.0~webpack: CWD: /Users/devkwang/dev/react-question
11 silly lifecycle react-question-project@1.0.0~webpack: Args: [ '-c',
11 silly lifecycle   'NODE_ENV=production webpack -p --optimize-minimize --optimize-dedupe --config webpack.production.config.js' ]
12 silly lifecycle react-question-project@1.0.0~webpack: Returned: code: 1  signal: null
13 info lifecycle react-question-project@1.0.0~webpack: Failed to exec webpack script
14 verbose stack Error: react-question-project@1.0.0 webpack: `NODE_ENV=production webpack -p --optimize-minimize --optimize-dedupe --config webpack.production.config.js`
14 verbose stack Exit status 1
14 verbose stack     at EventEmitter.<anonymous> (/Users/devkwang/.nvm/versions/node/v5.1.0/lib/node_modules/npm/lib/utils/lifecycle.js:232:16)
14 verbose stack     at emitTwo (events.js:87:13)
14 verbose stack     at EventEmitter.emit (events.js:172:7)
14 verbose stack     at ChildProcess.<anonymous> (/Users/devkwang/.nvm/versions/node/v5.1.0/lib/node_modules/npm/lib/utils/spawn.js:24:14)
14 verbose stack     at emitTwo (events.js:87:13)
14 verbose stack     at ChildProcess.emit (events.js:172:7)
14 verbose stack     at maybeClose (internal/child_process.js:818:16)
14 verbose stack     at Process.ChildProcess._handle.onexit (internal/child_process.js:211:5)
15 verbose pkgid react-question-project@1.0.0
16 verbose cwd /Users/devkwang/dev/react-question
17 error Darwin 15.0.0
18 error argv "/Users/devkwang/.nvm/versions/node/v5.1.0/bin/node" "/Users/devkwang/.nvm/versions/node/v5.1.0/bin/npm" "run" "webpack"
19 error node v5.1.0
20 error npm  v3.3.12
21 error code ELIFECYCLE
22 error react-question-project@1.0.0 webpack: `NODE_ENV=production webpack -p --optimize-minimize --optimize-dedupe --config webpack.production.config.js`
22 error Exit status 1
23 error Failed at the react-question-project@1.0.0 webpack script 'NODE_ENV=production webpack -p --optimize-minimize --optimize-dedupe --config webpack.production.config.js'.
23 error Make sure you have the latest version of node.js and npm installed.
23 error If you do, this is most likely a problem with the react-question-project package,
23 error not with npm itself.
23 error Tell the author that this fails on your system:
23 error     NODE_ENV=production webpack -p --optimize-minimize --optimize-dedupe --config webpack.production.config.js
23 error You can get their info via:
23 error     npm owner ls react-question-project
23 error There is likely additional logging output above.
24 verbose exit [ 1, true ]
